This is pdfTeX, Version 3.14159265-2.6-1.40.15 (TeX Live 2014) (preloaded format=pdflatex 2014.10.7)  15 FEB 2015 19:27
entering extended mode
 restricted \write18 enabled.
 file:line:error style messages enabled.
 %&-line parsing enabled.
**ECM3408_CA1_Report.tex
(./ECM3408_CA1_Report.tex
LaTeX2e <2014/05/01>
Babel <3.9k> and hyphenation patterns for 78 languages loaded.
(/usr/local/texlive/2014/texmf-dist/tex/latex/base/article.cls
Document Class: article 2007/10/19 v1.4h Standard LaTeX document class
(/usr/local/texlive/2014/texmf-dist/tex/latex/base/size11.clo
File: size11.clo 2007/10/19 v1.4h Standard LaTeX file (size option)
)
\c@part=\count79
\c@section=\count80
\c@subsection=\count81
\c@subsubsection=\count82
\c@paragraph=\count83
\c@subparagraph=\count84
\c@figure=\count85
\c@table=\count86
\abovecaptionskip=\skip41
\belowcaptionskip=\skip42
\bibindent=\dimen102
)
(/usr/local/texlive/2014/texmf-dist/tex/latex/hyperref/hyperref.sty
Package: hyperref 2012/11/06 v6.83m Hypertext links for LaTeX

(/usr/local/texlive/2014/texmf-dist/tex/generic/oberdiek/hobsub-hyperref.sty
Package: hobsub-hyperref 2012/05/28 v1.13 Bundle oberdiek, subset hyperref (HO)


(/usr/local/texlive/2014/texmf-dist/tex/generic/oberdiek/hobsub-generic.sty
Package: hobsub-generic 2012/05/28 v1.13 Bundle oberdiek, subset generic (HO)
Package: hobsub 2012/05/28 v1.13 Construct package bundles (HO)
Package: infwarerr 2010/04/08 v1.3 Providing info/warning/error messages (HO)
Package: ltxcmds 2011/11/09 v1.22 LaTeX kernel commands for general use (HO)
Package: ifluatex 2010/03/01 v1.3 Provides the ifluatex switch (HO)
Package ifluatex Info: LuaTeX not detected.
Package: ifvtex 2010/03/01 v1.5 Detect VTeX and its facilities (HO)
Package ifvtex Info: VTeX not detected.
Package: intcalc 2007/09/27 v1.1 Expandable calculations with integers (HO)
Package: ifpdf 2011/01/30 v2.3 Provides the ifpdf switch (HO)
Package ifpdf Info: pdfTeX in PDF mode is detected.
Package: etexcmds 2011/02/16 v1.5 Avoid name clashes with e-TeX commands (HO)
Package etexcmds Info: Could not find \expanded.
(etexcmds)             That can mean that you are not using pdfTeX 1.50 or
(etexcmds)             that some package has redefined \expanded.
(etexcmds)             In the latter case, load this package earlier.
Package: kvsetkeys 2012/04/25 v1.16 Key value parser (HO)
Package: kvdefinekeys 2011/04/07 v1.3 Define keys (HO)
Package: pdftexcmds 2011/11/29 v0.20 Utility functions of pdfTeX for LuaTeX (HO
)
Package pdftexcmds Info: LuaTeX not detected.
Package pdftexcmds Info: \pdf@primitive is available.
Package pdftexcmds Info: \pdf@ifprimitive is available.
Package pdftexcmds Info: \pdfdraftmode found.
Package: pdfescape 2011/11/25 v1.13 Implements pdfTeX's escape features (HO)
Package: bigintcalc 2012/04/08 v1.3 Expandable calculations on big integers (HO
)
Package: bitset 2011/01/30 v1.1 Handle bit-vector datatype (HO)
Package: uniquecounter 2011/01/30 v1.2 Provide unlimited unique counter (HO)
)
Package hobsub Info: Skipping package `hobsub' (already loaded).
Package: letltxmacro 2010/09/02 v1.4 Let assignment for LaTeX macros (HO)
Package: hopatch 2012/05/28 v1.2 Wrapper for package hooks (HO)
Package: xcolor-patch 2011/01/30 xcolor patch
Package: atveryend 2011/06/30 v1.8 Hooks at the very end of document (HO)
Package atveryend Info: \enddocument detected (standard20110627).
Package: atbegshi 2011/10/05 v1.16 At begin shipout hook (HO)
Package: refcount 2011/10/16 v3.4 Data extraction from label references (HO)
Package: hycolor 2011/01/30 v1.7 Color options for hyperref/bookmark (HO)
)
(/usr/local/texlive/2014/texmf-dist/tex/latex/graphics/keyval.sty
Package: keyval 2014/05/08 v1.15 key=value parser (DPC)
\KV@toks@=\toks14
)
(/usr/local/texlive/2014/texmf-dist/tex/generic/ifxetex/ifxetex.sty
Package: ifxetex 2010/09/12 v0.6 Provides ifxetex conditional
)
(/usr/local/texlive/2014/texmf-dist/tex/latex/oberdiek/auxhook.sty
Package: auxhook 2011/03/04 v1.3 Hooks for auxiliary files (HO)
)
(/usr/local/texlive/2014/texmf-dist/tex/latex/oberdiek/kvoptions.sty
Package: kvoptions 2011/06/30 v3.11 Key value format for package options (HO)
)
\@linkdim=\dimen103
\Hy@linkcounter=\count87
\Hy@pagecounter=\count88

(/usr/local/texlive/2014/texmf-dist/tex/latex/hyperref/pd1enc.def
File: pd1enc.def 2012/11/06 v6.83m Hyperref: PDFDocEncoding definition (HO)
)
\Hy@SavedSpaceFactor=\count89

(/usr/local/texlive/2014/texmf-dist/tex/latex/latexconfig/hyperref.cfg
File: hyperref.cfg 2002/06/06 v1.2 hyperref configuration of TeXLive
)
Package hyperref Info: Hyper figures OFF on input line 4443.
Package hyperref Info: Link nesting OFF on input line 4448.
Package hyperref Info: Hyper index ON on input line 4451.
Package hyperref Info: Plain pages OFF on input line 4458.
Package hyperref Info: Backreferencing OFF on input line 4463.
Package hyperref Info: Implicit mode ON; LaTeX internals redefined.
Package hyperref Info: Bookmarks ON on input line 4688.
\c@Hy@tempcnt=\count90

(/usr/local/texlive/2014/texmf-dist/tex/latex/url/url.sty
\Urlmuskip=\muskip10
Package: url 2013/09/16  ver 3.4  Verb mode for urls, etc.
)
LaTeX Info: Redefining \url on input line 5041.
\XeTeXLinkMargin=\dimen104
\Fld@menulength=\count91
\Field@Width=\dimen105
\Fld@charsize=\dimen106
Package hyperref Info: Hyper figures OFF on input line 6295.
Package hyperref Info: Link nesting OFF on input line 6300.
Package hyperref Info: Hyper index ON on input line 6303.
Package hyperref Info: backreferencing OFF on input line 6310.
Package hyperref Info: Link coloring OFF on input line 6315.
Package hyperref Info: Link coloring with OCG OFF on input line 6320.
Package hyperref Info: PDF/A mode OFF on input line 6325.
LaTeX Info: Redefining \ref on input line 6365.
LaTeX Info: Redefining \pageref on input line 6369.
\Hy@abspage=\count92
\c@Item=\count93
\c@Hfootnote=\count94
)

Package hyperref Message: Driver (autodetected): hpdftex.

(/usr/local/texlive/2014/texmf-dist/tex/latex/hyperref/hpdftex.def
File: hpdftex.def 2012/11/06 v6.83m Hyperref driver for pdfTeX
\Fld@listcount=\count95
\c@bookmark@seq@number=\count96

(/usr/local/texlive/2014/texmf-dist/tex/latex/oberdiek/rerunfilecheck.sty
Package: rerunfilecheck 2011/04/15 v1.7 Rerun checks for auxiliary files (HO)
Package uniquecounter Info: New unique counter `rerunfilecheck' on input line 2
82.
)
\Hy@SectionHShift=\skip43
)
(/usr/local/texlive/2014/texmf-dist/tex/latex/pdfpages/pdfpages.sty
Package: pdfpages 2013/08/25 v0.4v Insert pages of external PDF documents (AM)

(/usr/local/texlive/2014/texmf-dist/tex/latex/base/ifthen.sty
Package: ifthen 2001/05/26 v1.1c Standard LaTeX ifthen package (DPC)
)
(/usr/local/texlive/2014/texmf-dist/tex/latex/tools/calc.sty
Package: calc 2007/08/22 v4.3 Infix arithmetic (KKT,FJ)
\calc@Acount=\count97
\calc@Bcount=\count98
\calc@Adimen=\dimen107
\calc@Bdimen=\dimen108
\calc@Askip=\skip44
\calc@Bskip=\skip45
LaTeX Info: Redefining \setlength on input line 75.
LaTeX Info: Redefining \addtolength on input line 76.
\calc@Ccount=\count99
\calc@Cskip=\skip46
)
(/usr/local/texlive/2014/texmf-dist/tex/latex/eso-pic/eso-pic.sty
Package: eso-pic 2013/10/06 v2.0d eso-pic (RN)

(/usr/local/texlive/2014/texmf-dist/tex/latex/xcolor/xcolor.sty
Package: xcolor 2007/01/21 v2.11 LaTeX color extensions (UK)

(/usr/local/texlive/2014/texmf-dist/tex/latex/latexconfig/color.cfg
File: color.cfg 2007/01/18 v1.5 color configuration of teTeX/TeXLive
)
Package xcolor Info: Driver file: pdftex.def on input line 225.

(/usr/local/texlive/2014/texmf-dist/tex/latex/pdftex-def/pdftex.def
File: pdftex.def 2011/05/27 v0.06d Graphics/color for pdfTeX
\Gread@gobject=\count100
)
Package xcolor Info: Model `cmy' substituted by `cmy0' on input line 1337.
Package xcolor Info: Model `hsb' substituted by `rgb' on input line 1341.
Package xcolor Info: Model `RGB' extended on input line 1353.
Package xcolor Info: Model `HTML' substituted by `rgb' on input line 1355.
Package xcolor Info: Model `Hsb' substituted by `hsb' on input line 1356.
Package xcolor Info: Model `tHsb' substituted by `hsb' on input line 1357.
Package xcolor Info: Model `HSB' substituted by `hsb' on input line 1358.
Package xcolor Info: Model `Gray' substituted by `gray' on input line 1359.
Package xcolor Info: Model `wave' substituted by `hsb' on input line 1360.
))
(/usr/local/texlive/2014/texmf-dist/tex/latex/graphics/graphicx.sty
Package: graphicx 2014/04/25 v1.0g Enhanced LaTeX Graphics (DPC,SPQR)

(/usr/local/texlive/2014/texmf-dist/tex/latex/graphics/graphics.sty
Package: graphics 2009/02/05 v1.0o Standard LaTeX Graphics (DPC,SPQR)

(/usr/local/texlive/2014/texmf-dist/tex/latex/graphics/trig.sty
Package: trig 1999/03/16 v1.09 sin cos tan (DPC)
)
(/usr/local/texlive/2014/texmf-dist/tex/latex/latexconfig/graphics.cfg
File: graphics.cfg 2010/04/23 v1.9 graphics configuration of TeX Live
)
Package graphics Info: Driver file: pdftex.def on input line 91.
)
\Gin@req@height=\dimen109
\Gin@req@width=\dimen110
)
(/usr/local/texlive/2014/texmf-dist/tex/latex/pdfpages/pppdftex.def
File: pppdftex.def 2013/08/25 v0.4v Pdfpages driver for pdfTeX (AM)
)
\AM@pagebox=\box26
\AM@toc@title=\toks15
\c@AM@survey=\count101
\AM@templatesizebox=\box27
)
(/usr/local/texlive/2014/texmf-dist/tex/latex/listings/listings.sty
\lst@mode=\count102
\lst@gtempboxa=\box28
\lst@token=\toks16
\lst@length=\count103
\lst@currlwidth=\dimen111
\lst@column=\count104
\lst@pos=\count105
\lst@lostspace=\dimen112
\lst@width=\dimen113
\lst@newlines=\count106
\lst@lineno=\count107
\lst@maxwidth=\dimen114

(/usr/local/texlive/2014/texmf-dist/tex/latex/listings/lstmisc.sty
File: lstmisc.sty 2014/09/06 1.5e (Carsten Heinz)
\c@lstnumber=\count108
\lst@skipnumbers=\count109
\lst@framebox=\box29
)
(/usr/local/texlive/2014/texmf-dist/tex/latex/listings/listings.cfg
File: listings.cfg 2014/09/06 1.5e listings configuration
))
Package: listings 2014/09/06 1.5e (Carsten Heinz)

(/usr/local/texlive/2014/texmf-dist/tex/latex/geometry/geometry.sty
Package: geometry 2010/09/12 v5.6 Page Geometry
\Gm@cnth=\count110
\Gm@cntv=\count111
\c@Gm@tempcnt=\count112
\Gm@bindingoffset=\dimen115
\Gm@wd@mp=\dimen116
\Gm@odd@mp=\dimen117
\Gm@even@mp=\dimen118
\Gm@layoutwidth=\dimen119
\Gm@layoutheight=\dimen120
\Gm@layouthoffset=\dimen121
\Gm@layoutvoffset=\dimen122
\Gm@dimlist=\toks17
)
(/usr/local/texlive/2014/texmf-dist/tex/latex/natbib/natbib.sty
Package: natbib 2010/09/13 8.31b (PWD, AO)
\bibhang=\skip47
\bibsep=\skip48
LaTeX Info: Redefining \cite on input line 694.
\c@NAT@ctr=\count113
)
(./ECM3408_CA1_Report.aux)
\openout1 = `ECM3408_CA1_Report.aux'.

LaTeX Font Info:    Checking defaults for OML/cmm/m/it on input line 9.
LaTeX Font Info:    ... okay on input line 9.
LaTeX Font Info:    Checking defaults for T1/cmr/m/n on input line 9.
LaTeX Font Info:    ... okay on input line 9.
LaTeX Font Info:    Checking defaults for OT1/cmr/m/n on input line 9.
LaTeX Font Info:    ... okay on input line 9.
LaTeX Font Info:    Checking defaults for OMS/cmsy/m/n on input line 9.
LaTeX Font Info:    ... okay on input line 9.
LaTeX Font Info:    Checking defaults for OMX/cmex/m/n on input line 9.
LaTeX Font Info:    ... okay on input line 9.
LaTeX Font Info:    Checking defaults for U/cmr/m/n on input line 9.
LaTeX Font Info:    ... okay on input line 9.
LaTeX Font Info:    Checking defaults for PD1/pdf/m/n on input line 9.
LaTeX Font Info:    ... okay on input line 9.
\AtBeginShipoutBox=\box30
Package hyperref Info: Link coloring OFF on input line 9.

(/usr/local/texlive/2014/texmf-dist/tex/latex/hyperref/nameref.sty
Package: nameref 2012/10/27 v2.43 Cross-referencing by name of section

(/usr/local/texlive/2014/texmf-dist/tex/generic/oberdiek/gettitlestring.sty
Package: gettitlestring 2010/12/03 v1.4 Cleanup title references (HO)
)
\c@section@level=\count114
)
LaTeX Info: Redefining \ref on input line 9.
LaTeX Info: Redefining \pageref on input line 9.
LaTeX Info: Redefining \nameref on input line 9.

(./ECM3408_CA1_Report.out) (./ECM3408_CA1_Report.out)
\@outlinefile=\write3
\openout3 = `ECM3408_CA1_Report.out'.


(/usr/local/texlive/2014/texmf-dist/tex/context/base/supp-pdf.mkii
[Loading MPS to PDF converter (version 2006.09.02).]
\scratchcounter=\count115
\scratchdimen=\dimen123
\scratchbox=\box31
\nofMPsegments=\count116
\nofMParguments=\count117
\everyMPshowfont=\toks18
\MPscratchCnt=\count118
\MPscratchDim=\dimen124
\MPnumerator=\count119
\makeMPintoPDFobject=\count120
\everyMPtoPDFconversion=\toks19
) (/usr/local/texlive/2014/texmf-dist/tex/latex/oberdiek/epstopdf-base.sty
Package: epstopdf-base 2010/02/09 v2.5 Base part for package epstopdf

(/usr/local/texlive/2014/texmf-dist/tex/latex/oberdiek/grfext.sty
Package: grfext 2010/08/19 v1.1 Manage graphics extensions (HO)
)
Package grfext Info: Graphics extension search list:
(grfext)             [.png,.pdf,.jpg,.mps,.jpeg,.jbig2,.jb2,.PNG,.PDF,.JPG,.JPE
G,.JBIG2,.JB2,.eps]
(grfext)             \AppendGraphicsExtensions on input line 452.

(/usr/local/texlive/2014/texmf-dist/tex/latex/latexconfig/epstopdf-sys.cfg
File: epstopdf-sys.cfg 2010/07/13 v1.3 Configuration of (r)epstopdf for TeX Liv
e
))
\c@lstlisting=\count121

*geometry* driver: auto-detecting
*geometry* detected driver: pdftex
*geometry* verbose mode - [ preamble ] result:
* driver: pdftex
* paper: a4paper
* layout: <same size as paper>
* layoutoffset:(h,v)=(0.0pt,0.0pt)
* modes: 
* h-part:(L,W,R)=(56.9055pt, 483.69687pt, 56.9055pt)
* v-part:(T,H,B)=(56.9055pt, 731.23584pt, 56.9055pt)
* \paperwidth=597.50787pt
* \paperheight=845.04684pt
* \textwidth=483.69687pt
* \textheight=731.23584pt
* \oddsidemargin=-15.36449pt
* \evensidemargin=-15.36449pt
* \topmargin=-52.36449pt
* \headheight=12.0pt
* \headsep=25.0pt
* \topskip=11.0pt
* \footskip=30.0pt
* \marginparwidth=59.0pt
* \marginparsep=10.0pt
* \columnsep=10.0pt
* \skip\footins=10.0pt plus 4.0pt minus 2.0pt
* \hoffset=0.0pt
* \voffset=0.0pt
* \mag=1000
* \@twocolumnfalse
* \@twosidefalse
* \@mparswitchfalse
* \@reversemarginfalse
* (1in=72.27pt=25.4mm, 1cm=28.453pt)

LaTeX Font Info:    External font `cmex10' loaded for size
(Font)              <12> on input line 20.
LaTeX Font Info:    External font `cmex10' loaded for size
(Font)              <8> on input line 20.
LaTeX Font Info:    External font `cmex10' loaded for size
(Font)              <6> on input line 20.
(/usr/local/texlive/2014/texmf-dist/tex/latex/listings/lstlang1.sty
File: lstlang1.sty 2014/09/06 1.5e listings language file
)
(/usr/local/texlive/2014/texmf-dist/tex/latex/listings/lstlang2.sty
File: lstlang2.sty 2014/09/06 1.5e listings language file
)
Package hyperref Info: bookmark level for unknown lstlisting defaults to 0 on i
nput line 51.

(./project/server.rb
LaTeX Font Info:    External font `cmex10' loaded for size
(Font)              <10.95> on input line 1.
 [1

{/usr/local/texlive/2014/texmf-var/fonts/map/pdftex/updmap/pdftex.map}]
LaTeX Font Info:    Try loading font information for OMS+cmr on input line 24.
 (/usr/local/texlive/2014/texmf-dist/tex/latex/base/omscmr.fd
File: omscmr.fd 1999/05/25 v2.5h Standard LaTeX font definitions
)
LaTeX Font Info:    Font shape `OMS/cmr/m/n' in size <10.95> not available
(Font)              Font shape `OMS/cmsy/m/n' tried instead on input line 24.

[2] [3]
LaTeX Font Info:    Try loading font information for OML+cmr on input line 126.

 (/usr/local/texlive/2014/texmf-dist/tex/latex/base/omlcmr.fd
File: omlcmr.fd 1999/05/25 v2.5h Standard LaTeX font definitions
)
LaTeX Font Info:    Font shape `OML/cmr/m/n' in size <10.95> not available
(Font)              Font shape `OML/cmm/m/it' tried instead on input line 126.
 [4]
[5] [6] [7])
Overfull \hbox (0.58206pt too wide) in paragraph at lines 58--58
[]\OT1/cmr/m/n/10.95 Index/Show| 
 []


Underfull \hbox (badness 6526) in paragraph at lines 58--58
[]\OT1/cmr/m/n/10.95 Opens /show with de-
 []


Underfull \hbox (badness 5711) in paragraph at lines 58--58
\OT1/cmr/m/n/10.95 only scram-bled mes-sage
 []


Underfull \hbox (badness 1521) in paragraph at lines 60--60
\OT1/cmr/m/n/10.95 filled out forms an-dante
 []


Underfull \hbox (badness 1442) in paragraph at lines 60--60
\OT1/cmr/m/n/10.95 bled out-put if pro-vid-ing
 []


Underfull \hbox (badness 10000) in paragraph at lines 62--62
\OT1/cmr/m/n/10.95 on /in-dex and sub-se-
 []


Overfull \hbox (5.32083pt too wide) in paragraph at lines 54--67
[] 
 []


Underfull \hbox (badness 10000) in paragraph at lines 54--67

 []


Underfull \hbox (badness 10000) in paragraph at lines 54--67

 []

[8]
Package atveryend Info: Empty hook `BeforeClearDocument' on input line 69.
 [9]
Package atveryend Info: Empty hook `AfterLastShipout' on input line 69.
 (./ECM3408_CA1_Report.aux)
Package atveryend Info: Executing hook `AtVeryEndDocument' on input line 69.
Package atveryend Info: Executing hook `AtEndAfterFileList' on input line 69.
Package rerunfilecheck Info: File `ECM3408_CA1_Report.out' has not changed.
(rerunfilecheck)             Checksum: 12D7A34C93E29B8E44299244009F13BE;205.
Package atveryend Info: Empty hook `AtVeryVeryEnd' on input line 69.
 ) 
Here is how much of TeX's memory you used:
 8785 strings out of 493117
 128547 string characters out of 6135433
 366380 words of memory out of 5000000
 11775 multiletter control sequences out of 15000+600000
 9325 words of font info for 33 fonts, out of 8000000 for 9000
 1141 hyphenation exceptions out of 8191
 37i,8n,43p,339b,1759s stack positions out of 5000i,500n,10000p,200000b,80000s
</usr/local/texlive/2014/texmf-dist/fonts/type1/public/amsfonts/cm/cmbx10.pfb
></usr/local/texlive/2014/texmf-dist/fonts/type1/public/amsfonts/cm/cmbx12.pfb>
</usr/local/texlive/2014/texmf-dist/fonts/type1/public/amsfonts/cm/cmmi10.pfb><
/usr/local/texlive/2014/texmf-dist/fonts/type1/public/amsfonts/cm/cmr10.pfb></u
sr/local/texlive/2014/texmf-dist/fonts/type1/public/amsfonts/cm/cmr12.pfb></usr
/local/texlive/2014/texmf-dist/fonts/type1/public/amsfonts/cm/cmr17.pfb></usr/l
ocal/texlive/2014/texmf-dist/fonts/type1/public/amsfonts/cm/cmsy10.pfb></usr/lo
cal/texlive/2014/texmf-dist/fonts/type1/public/amsfonts/cm/cmti10.pfb></usr/loc
al/texlive/2014/texmf-dist/fonts/type1/public/amsfonts/cm/cmtt10.pfb>
Output written on ECM3408_CA1_Report.pdf (9 pages, 154603 bytes).
PDF statistics:
 573 PDF objects out of 1000 (max. 8388607)
 547 compressed objects within 6 object streams
 401 named destinations out of 1000 (max. 500000)
 33 words of extra memory for PDF output out of 10000 (max. 10000000)

